2025-06-07 11:04:14,160 (66239/MainThread) pgcli.main INFO - No default pager found in environment. Using os default pager
2025-06-07 11:04:14,160 (66239/MainThread) pgcli.main WARNING - import keyring failed: ModuleNotFoundError("No module named 'keyring'").
2025-06-07 11:04:14,170 (66239/MainThread) pgcli.main ERROR - traceback: 'Traceback (most recent call last):\n  File "/opt/homebrew/Cellar/pgcli/4.3.0/libexec/lib/python3.13/site-packages/pgcli/main.py", line 766, in connect\n    raise e\n  File "/opt/homebrew/Cellar/pgcli/4.3.0/libexec/lib/python3.13/site-packages/pgcli/main.py", line 737, in connect\n    pgexecute = PGExecute(\n        database,\n    ...<6 lines>...\n        **kwargs,\n    )\n  File "/opt/homebrew/Cellar/pgcli/4.3.0/libexec/lib/python3.13/site-packages/pgcli/pgexecute.py", line 184, in __init__\n    self.connect(database, user, password, host, port, dsn, **kwargs)\n    ~~~~~~~~~~~~^^^^^^^^^^^^^^^^^^^^^^^^^^^^^^^^^^^^^^^^^^^^^^^^^^^^^\n  File "/opt/homebrew/Cellar/pgcli/4.3.0/libexec/lib/python3.13/site-packages/pgcli/pgexecute.py", line 233, in connect\n    conn = psycopg.connect(conn_info)\n  File "/opt/homebrew/Cellar/pgcli/4.3.0/libexec/lib/python3.13/site-packages/psycopg/connection.py", line 117, in connect\n    raise last_ex.with_traceback(None)\npsycopg.OperationalError: connection failed: connection to server on socket "/tmp/.s.PGSQL.5432" failed: FATAL:  database "gouthamr" does not exist\n'
2025-06-15 10:17:02,995 (9078/MainThread) pgcli.main INFO - No default pager found in environment. Using os default pager
2025-06-15 10:17:02,995 (9078/MainThread) pgcli.main WARNING - import keyring failed: ModuleNotFoundError("No module named 'keyring'").
2025-06-15 10:17:03,008 (9078/MainThread) pgcli.main ERROR - traceback: 'Traceback (most recent call last):\n  File "/opt/homebrew/Cellar/pgcli/4.3.0/libexec/lib/python3.13/site-packages/pgcli/main.py", line 766, in connect\n    raise e\n  File "/opt/homebrew/Cellar/pgcli/4.3.0/libexec/lib/python3.13/site-packages/pgcli/main.py", line 737, in connect\n    pgexecute = PGExecute(\n        database,\n    ...<6 lines>...\n        **kwargs,\n    )\n  File "/opt/homebrew/Cellar/pgcli/4.3.0/libexec/lib/python3.13/site-packages/pgcli/pgexecute.py", line 184, in __init__\n    self.connect(database, user, password, host, port, dsn, **kwargs)\n    ~~~~~~~~~~~~^^^^^^^^^^^^^^^^^^^^^^^^^^^^^^^^^^^^^^^^^^^^^^^^^^^^^\n  File "/opt/homebrew/Cellar/pgcli/4.3.0/libexec/lib/python3.13/site-packages/pgcli/pgexecute.py", line 233, in connect\n    conn = psycopg.connect(conn_info)\n  File "/opt/homebrew/Cellar/pgcli/4.3.0/libexec/lib/python3.13/site-packages/psycopg/connection.py", line 117, in connect\n    raise last_ex.with_traceback(None)\npsycopg.OperationalError: connection failed: connection to server on socket "/tmp/.s.PGSQL.5432" failed: FATAL:  database "gouthamr" does not exist\n'
2025-06-15 10:17:16,392 (9231/MainThread) pgcli.main INFO - No default pager found in environment. Using os default pager
2025-06-15 10:17:16,392 (9231/MainThread) pgcli.main WARNING - import keyring failed: ModuleNotFoundError("No module named 'keyring'").
2025-06-15 10:17:35,484 (9231/MainThread) pgcli.pgexecute ERROR - sql: 'EXPLAIN (ANALYZE, COSTS, VERBOSE, BUFFERS, FORMAT JSON) ls', error: SyntaxError('syntax error at or near "ls"\nLINE 1: EXPLAIN (ANALYZE, COSTS, VERBOSE, BUFFERS, FORMAT JSON) ls\n                                                                ^')
2025-06-15 10:17:35,487 (9231/MainThread) pgcli.pgexecute ERROR - traceback: 'Traceback (most recent call last):\n  File "/opt/homebrew/Cellar/pgcli/4.3.0/libexec/lib/python3.13/site-packages/pgcli/pgexecute.py", line 406, in run\n    yield self.execute_normal_sql(sql) + (sql, True, False)\n          ~~~~~~~~~~~~~~~~~~~~~~~^^^^^\n  File "/opt/homebrew/Cellar/pgcli/4.3.0/libexec/lib/python3.13/site-packages/pgcli/pgexecute.py", line 460, in execute_normal_sql\n    cur.execute(split_sql)\n    ~~~~~~~~~~~^^^^^^^^^^^\n  File "/opt/homebrew/Cellar/pgcli/4.3.0/libexec/lib/python3.13/site-packages/pgcli/pgexecute.py", line 91, in execute\n    super().execute(*args, **kwargs)\n    ~~~~~~~~~~~~~~~^^^^^^^^^^^^^^^^^\n  File "/opt/homebrew/Cellar/pgcli/4.3.0/libexec/lib/python3.13/site-packages/psycopg/cursor.py", line 97, in execute\n    raise ex.with_traceback(None)\npsycopg.errors.SyntaxError: syntax error at or near "ls"\nLINE 1: EXPLAIN (ANALYZE, COSTS, VERBOSE, BUFFERS, FORMAT JSON) ls\n                                                                ^\n'
2025-06-15 10:17:42,688 (9231/MainThread) pgcli.pgexecute ERROR - sql: 'EXPLAIN (ANALYZE, COSTS, VERBOSE, BUFFERS, FORMAT JSON) help', error: SyntaxError('syntax error at or near "help"\nLINE 1: EXPLAIN (ANALYZE, COSTS, VERBOSE, BUFFERS, FORMAT JSON) help\n                                                                ^')
2025-06-15 10:17:42,689 (9231/MainThread) pgcli.pgexecute ERROR - traceback: 'Traceback (most recent call last):\n  File "/opt/homebrew/Cellar/pgcli/4.3.0/libexec/lib/python3.13/site-packages/pgcli/pgexecute.py", line 406, in run\n    yield self.execute_normal_sql(sql) + (sql, True, False)\n          ~~~~~~~~~~~~~~~~~~~~~~~^^^^^\n  File "/opt/homebrew/Cellar/pgcli/4.3.0/libexec/lib/python3.13/site-packages/pgcli/pgexecute.py", line 460, in execute_normal_sql\n    cur.execute(split_sql)\n    ~~~~~~~~~~~^^^^^^^^^^^\n  File "/opt/homebrew/Cellar/pgcli/4.3.0/libexec/lib/python3.13/site-packages/pgcli/pgexecute.py", line 91, in execute\n    super().execute(*args, **kwargs)\n    ~~~~~~~~~~~~~~~^^^^^^^^^^^^^^^^^\n  File "/opt/homebrew/Cellar/pgcli/4.3.0/libexec/lib/python3.13/site-packages/psycopg/cursor.py", line 97, in execute\n    raise ex.with_traceback(None)\npsycopg.errors.SyntaxError: syntax error at or near "help"\nLINE 1: EXPLAIN (ANALYZE, COSTS, VERBOSE, BUFFERS, FORMAT JSON) help\n                                                                ^\n'
2025-06-15 10:24:06,760 (9231/MainThread) pgcli.pgexecute ERROR - sql: "EXPLAIN (ANALYZE, COSTS, VERBOSE, BUFFERS, FORMAT JSON) select * from public.product_master_fta where product_category ILIKE 'beer' LIMIT 1", error: UndefinedFunction("operator does not exist: integer ~~* unknown\nLINE 1: ... public.product_master_fta where product_category ILIKE 'bee...\n                                                             ^\nHINT:  No operator matches the given name and argument types. You might need to add explicit type casts.")
2025-06-15 10:24:06,761 (9231/MainThread) pgcli.pgexecute ERROR - traceback: 'Traceback (most recent call last):\n  File "/opt/homebrew/Cellar/pgcli/4.3.0/libexec/lib/python3.13/site-packages/pgcli/pgexecute.py", line 406, in run\n    yield self.execute_normal_sql(sql) + (sql, True, False)\n          ~~~~~~~~~~~~~~~~~~~~~~~^^^^^\n  File "/opt/homebrew/Cellar/pgcli/4.3.0/libexec/lib/python3.13/site-packages/pgcli/pgexecute.py", line 460, in execute_normal_sql\n    cur.execute(split_sql)\n    ~~~~~~~~~~~^^^^^^^^^^^\n  File "/opt/homebrew/Cellar/pgcli/4.3.0/libexec/lib/python3.13/site-packages/pgcli/pgexecute.py", line 91, in execute\n    super().execute(*args, **kwargs)\n    ~~~~~~~~~~~~~~~^^^^^^^^^^^^^^^^^\n  File "/opt/homebrew/Cellar/pgcli/4.3.0/libexec/lib/python3.13/site-packages/psycopg/cursor.py", line 97, in execute\n    raise ex.with_traceback(None)\npsycopg.errors.UndefinedFunction: operator does not exist: integer ~~* unknown\nLINE 1: ... public.product_master_fta where product_category ILIKE \'bee...\n                                                             ^\nHINT:  No operator matches the given name and argument types. You might need to add explicit type casts.\n'
2025-06-15 10:24:23,041 (9231/MainThread) pgcli.pgexecute ERROR - sql: "EXPLAIN (ANALYZE, COSTS, VERBOSE, BUFFERS, FORMAT JSON) select * from public.product_master_fta where product_category %ILIKE 'beer' LIMIT 1", error: UndefinedObject('type "ilike" does not exist\nLINE 1: ...public.product_master_fta where product_category %ILIKE \'bee...\n                                                             ^')
2025-06-15 10:24:23,043 (9231/MainThread) pgcli.pgexecute ERROR - traceback: 'Traceback (most recent call last):\n  File "/opt/homebrew/Cellar/pgcli/4.3.0/libexec/lib/python3.13/site-packages/pgcli/pgexecute.py", line 406, in run\n    yield self.execute_normal_sql(sql) + (sql, True, False)\n          ~~~~~~~~~~~~~~~~~~~~~~~^^^^^\n  File "/opt/homebrew/Cellar/pgcli/4.3.0/libexec/lib/python3.13/site-packages/pgcli/pgexecute.py", line 460, in execute_normal_sql\n    cur.execute(split_sql)\n    ~~~~~~~~~~~^^^^^^^^^^^\n  File "/opt/homebrew/Cellar/pgcli/4.3.0/libexec/lib/python3.13/site-packages/pgcli/pgexecute.py", line 91, in execute\n    super().execute(*args, **kwargs)\n    ~~~~~~~~~~~~~~~^^^^^^^^^^^^^^^^^\n  File "/opt/homebrew/Cellar/pgcli/4.3.0/libexec/lib/python3.13/site-packages/psycopg/cursor.py", line 97, in execute\n    raise ex.with_traceback(None)\npsycopg.errors.UndefinedObject: type "ilike" does not exist\nLINE 1: ...public.product_master_fta where product_category %ILIKE \'bee...\n                                                             ^\n'
2025-06-16 11:19:24,560 (81976/MainThread) pgcli.main INFO - No default pager found in environment. Using os default pager
2025-06-16 11:19:24,561 (81976/MainThread) pgcli.main WARNING - import keyring failed: ModuleNotFoundError("No module named 'keyring'").
2025-06-16 17:25:36,635 (53714/MainThread) pgcli.main INFO - No default pager found in environment. Using os default pager
2025-06-16 17:25:36,636 (53714/MainThread) pgcli.main WARNING - import keyring failed: ModuleNotFoundError("No module named 'keyring'").
2025-06-30 10:13:55,902 (15502/MainThread) pgcli.main INFO - No default pager found in environment. Using os default pager
2025-06-30 10:13:55,903 (15502/MainThread) pgcli.main WARNING - import keyring failed: ModuleNotFoundError("No module named 'keyring'").
2025-06-30 10:17:10,578 (17533/MainThread) pgcli.main INFO - No default pager found in environment. Using os default pager
2025-06-30 10:17:10,579 (17533/MainThread) pgcli.main WARNING - import keyring failed: ModuleNotFoundError("No module named 'keyring'").
2025-06-30 10:18:03,120 (17533/MainThread) pgcli.pgexecute ERROR - sql: 'grant usage on all sequence in schema public to datronuser', error: SyntaxError('syntax error at or near "sequence"\nLINE 1: grant usage on all sequence in schema public to datronuser\n                           ^')
2025-06-30 10:18:03,131 (17533/MainThread) pgcli.pgexecute ERROR - traceback: 'Traceback (most recent call last):\n  File "/opt/homebrew/Cellar/pgcli/4.3.0/libexec/lib/python3.13/site-packages/pgcli/pgexecute.py", line 406, in run\n    yield self.execute_normal_sql(sql) + (sql, True, False)\n          ~~~~~~~~~~~~~~~~~~~~~~~^^^^^\n  File "/opt/homebrew/Cellar/pgcli/4.3.0/libexec/lib/python3.13/site-packages/pgcli/pgexecute.py", line 460, in execute_normal_sql\n    cur.execute(split_sql)\n    ~~~~~~~~~~~^^^^^^^^^^^\n  File "/opt/homebrew/Cellar/pgcli/4.3.0/libexec/lib/python3.13/site-packages/pgcli/pgexecute.py", line 91, in execute\n    super().execute(*args, **kwargs)\n    ~~~~~~~~~~~~~~~^^^^^^^^^^^^^^^^^\n  File "/opt/homebrew/Cellar/pgcli/4.3.0/libexec/lib/python3.13/site-packages/psycopg/cursor.py", line 97, in execute\n    raise ex.with_traceback(None)\npsycopg.errors.SyntaxError: syntax error at or near "sequence"\nLINE 1: grant usage on all sequence in schema public to datronuser\n                           ^\n'
2025-06-30 10:24:36,852 (20741/MainThread) pgcli.main INFO - No default pager found in environment. Using os default pager
2025-06-30 10:24:36,853 (20741/MainThread) pgcli.main WARNING - import keyring failed: ModuleNotFoundError("No module named 'keyring'").
2025-06-30 10:25:54,347 (20741/MainThread) pgcli.pgexecute ERROR - sql: 'select * from public.product_master_fta LIMIT 10', error: InsufficientPrivilege('permission denied for table product_master_fta')
2025-06-30 10:25:54,350 (20741/MainThread) pgcli.pgexecute ERROR - traceback: 'Traceback (most recent call last):\n  File "/opt/homebrew/Cellar/pgcli/4.3.0/libexec/lib/python3.13/site-packages/pgcli/pgexecute.py", line 406, in run\n    yield self.execute_normal_sql(sql) + (sql, True, False)\n          ~~~~~~~~~~~~~~~~~~~~~~~^^^^^\n  File "/opt/homebrew/Cellar/pgcli/4.3.0/libexec/lib/python3.13/site-packages/pgcli/pgexecute.py", line 460, in execute_normal_sql\n    cur.execute(split_sql)\n    ~~~~~~~~~~~^^^^^^^^^^^\n  File "/opt/homebrew/Cellar/pgcli/4.3.0/libexec/lib/python3.13/site-packages/pgcli/pgexecute.py", line 91, in execute\n    super().execute(*args, **kwargs)\n    ~~~~~~~~~~~~~~~^^^^^^^^^^^^^^^^^\n  File "/opt/homebrew/Cellar/pgcli/4.3.0/libexec/lib/python3.13/site-packages/psycopg/cursor.py", line 97, in execute\n    raise ex.with_traceback(None)\npsycopg.errors.InsufficientPrivilege: permission denied for table product_master_fta\n'
2025-06-30 10:26:00,768 (20741/MainThread) pgcli.pgexecute ERROR - sql: 'EXPLAIN (ANALYZE, COSTS, VERBOSE, BUFFERS, FORMAT JSON) select * from public.product_master_fta LIMIT 10', error: InsufficientPrivilege('permission denied for table product_master_fta')
2025-06-30 10:26:00,770 (20741/MainThread) pgcli.pgexecute ERROR - traceback: 'Traceback (most recent call last):\n  File "/opt/homebrew/Cellar/pgcli/4.3.0/libexec/lib/python3.13/site-packages/pgcli/pgexecute.py", line 406, in run\n    yield self.execute_normal_sql(sql) + (sql, True, False)\n          ~~~~~~~~~~~~~~~~~~~~~~~^^^^^\n  File "/opt/homebrew/Cellar/pgcli/4.3.0/libexec/lib/python3.13/site-packages/pgcli/pgexecute.py", line 460, in execute_normal_sql\n    cur.execute(split_sql)\n    ~~~~~~~~~~~^^^^^^^^^^^\n  File "/opt/homebrew/Cellar/pgcli/4.3.0/libexec/lib/python3.13/site-packages/pgcli/pgexecute.py", line 91, in execute\n    super().execute(*args, **kwargs)\n    ~~~~~~~~~~~~~~~^^^^^^^^^^^^^^^^^\n  File "/opt/homebrew/Cellar/pgcli/4.3.0/libexec/lib/python3.13/site-packages/psycopg/cursor.py", line 97, in execute\n    raise ex.with_traceback(None)\npsycopg.errors.InsufficientPrivilege: permission denied for table product_master_fta\n'
2025-06-30 10:27:29,096 (20741/MainThread) pgcli.pgexecute ERROR - sql: 'EXPLAIN (ANALYZE, COSTS, VERBOSE, BUFFERS, FORMAT JSON) exit', error: SyntaxError('syntax error at or near "exit"\nLINE 1: EXPLAIN (ANALYZE, COSTS, VERBOSE, BUFFERS, FORMAT JSON) exit\n                                                                ^')
2025-06-30 10:27:29,098 (20741/MainThread) pgcli.pgexecute ERROR - traceback: 'Traceback (most recent call last):\n  File "/opt/homebrew/Cellar/pgcli/4.3.0/libexec/lib/python3.13/site-packages/pgcli/pgexecute.py", line 406, in run\n    yield self.execute_normal_sql(sql) + (sql, True, False)\n          ~~~~~~~~~~~~~~~~~~~~~~~^^^^^\n  File "/opt/homebrew/Cellar/pgcli/4.3.0/libexec/lib/python3.13/site-packages/pgcli/pgexecute.py", line 460, in execute_normal_sql\n    cur.execute(split_sql)\n    ~~~~~~~~~~~^^^^^^^^^^^\n  File "/opt/homebrew/Cellar/pgcli/4.3.0/libexec/lib/python3.13/site-packages/pgcli/pgexecute.py", line 91, in execute\n    super().execute(*args, **kwargs)\n    ~~~~~~~~~~~~~~~^^^^^^^^^^^^^^^^^\n  File "/opt/homebrew/Cellar/pgcli/4.3.0/libexec/lib/python3.13/site-packages/psycopg/cursor.py", line 97, in execute\n    raise ex.with_traceback(None)\npsycopg.errors.SyntaxError: syntax error at or near "exit"\nLINE 1: EXPLAIN (ANALYZE, COSTS, VERBOSE, BUFFERS, FORMAT JSON) exit\n                                                                ^\n'
2025-06-30 10:27:35,696 (20741/MainThread) pgcli.pgexecute ERROR - sql: 'EXPLAIN (ANALYZE, COSTS, VERBOSE, BUFFERS, FORMAT JSON) exit', error: SyntaxError('syntax error at or near "exit"\nLINE 1: EXPLAIN (ANALYZE, COSTS, VERBOSE, BUFFERS, FORMAT JSON) exit\n                                                                ^')
2025-06-30 10:27:35,697 (20741/MainThread) pgcli.pgexecute ERROR - traceback: 'Traceback (most recent call last):\n  File "/opt/homebrew/Cellar/pgcli/4.3.0/libexec/lib/python3.13/site-packages/pgcli/pgexecute.py", line 406, in run\n    yield self.execute_normal_sql(sql) + (sql, True, False)\n          ~~~~~~~~~~~~~~~~~~~~~~~^^^^^\n  File "/opt/homebrew/Cellar/pgcli/4.3.0/libexec/lib/python3.13/site-packages/pgcli/pgexecute.py", line 460, in execute_normal_sql\n    cur.execute(split_sql)\n    ~~~~~~~~~~~^^^^^^^^^^^\n  File "/opt/homebrew/Cellar/pgcli/4.3.0/libexec/lib/python3.13/site-packages/pgcli/pgexecute.py", line 91, in execute\n    super().execute(*args, **kwargs)\n    ~~~~~~~~~~~~~~~^^^^^^^^^^^^^^^^^\n  File "/opt/homebrew/Cellar/pgcli/4.3.0/libexec/lib/python3.13/site-packages/psycopg/cursor.py", line 97, in execute\n    raise ex.with_traceback(None)\npsycopg.errors.SyntaxError: syntax error at or near "exit"\nLINE 1: EXPLAIN (ANALYZE, COSTS, VERBOSE, BUFFERS, FORMAT JSON) exit\n                                                                ^\n'
2025-06-30 10:27:49,447 (22037/MainThread) pgcli.main INFO - No default pager found in environment. Using os default pager
2025-06-30 10:27:49,448 (22037/MainThread) pgcli.main WARNING - import keyring failed: ModuleNotFoundError("No module named 'keyring'").
2025-07-10 22:57:58,847 (26098/MainThread) pgcli.main INFO - No default pager found in environment. Using os default pager
2025-07-10 22:57:58,847 (26098/MainThread) pgcli.main WARNING - import keyring failed: ModuleNotFoundError("No module named 'keyring'").
2025-07-10 22:58:46,191 (26630/MainThread) pgcli.main INFO - No default pager found in environment. Using os default pager
2025-07-10 22:58:46,191 (26630/MainThread) pgcli.main WARNING - import keyring failed: ModuleNotFoundError("No module named 'keyring'").
2025-07-23 14:55:01,044 (34473/MainThread) pgcli.main INFO - No default pager found in environment. Using os default pager
2025-07-23 14:55:01,045 (34473/MainThread) pgcli.main WARNING - import keyring failed: ModuleNotFoundError("No module named 'keyring'").
2025-07-23 14:55:25,527 (34678/MainThread) pgcli.main INFO - No default pager found in environment. Using os default pager
2025-07-23 14:55:25,527 (34678/MainThread) pgcli.main WARNING - import keyring failed: ModuleNotFoundError("No module named 'keyring'").
2025-07-23 14:55:34,811 (34678/MainThread) pgcli.pgexecute ERROR - sql: 'exiut', error: SyntaxError('syntax error at or near "exiut"\nLINE 1: exiut\n        ^')
2025-07-23 14:55:34,818 (34678/MainThread) pgcli.pgexecute ERROR - traceback: 'Traceback (most recent call last):\n  File "/opt/homebrew/Cellar/pgcli/4.3.0/libexec/lib/python3.13/site-packages/pgcli/pgexecute.py", line 406, in run\n    yield self.execute_normal_sql(sql) + (sql, True, False)\n          ~~~~~~~~~~~~~~~~~~~~~~~^^^^^\n  File "/opt/homebrew/Cellar/pgcli/4.3.0/libexec/lib/python3.13/site-packages/pgcli/pgexecute.py", line 460, in execute_normal_sql\n    cur.execute(split_sql)\n    ~~~~~~~~~~~^^^^^^^^^^^\n  File "/opt/homebrew/Cellar/pgcli/4.3.0/libexec/lib/python3.13/site-packages/pgcli/pgexecute.py", line 91, in execute\n    super().execute(*args, **kwargs)\n    ~~~~~~~~~~~~~~~^^^^^^^^^^^^^^^^^\n  File "/opt/homebrew/Cellar/pgcli/4.3.0/libexec/lib/python3.13/site-packages/psycopg/cursor.py", line 97, in execute\n    raise ex.with_traceback(None)\npsycopg.errors.SyntaxError: syntax error at or near "exiut"\nLINE 1: exiut\n        ^\n'
2025-07-23 14:55:49,942 (34886/MainThread) pgcli.main INFO - No default pager found in environment. Using os default pager
2025-07-23 14:55:49,942 (34886/MainThread) pgcli.main WARNING - import keyring failed: ModuleNotFoundError("No module named 'keyring'").
2025-07-23 14:56:07,642 (35044/MainThread) pgcli.main INFO - No default pager found in environment. Using os default pager
2025-07-23 14:56:07,642 (35044/MainThread) pgcli.main WARNING - import keyring failed: ModuleNotFoundError("No module named 'keyring'").
2025-07-23 14:56:14,226 (35044/MainThread) pgcli.pgexecute ERROR - sql: 'clear', error: SyntaxError('syntax error at or near "clear"\nLINE 1: clear\n        ^')
2025-07-23 14:56:14,230 (35044/MainThread) pgcli.pgexecute ERROR - traceback: 'Traceback (most recent call last):\n  File "/opt/homebrew/Cellar/pgcli/4.3.0/libexec/lib/python3.13/site-packages/pgcli/pgexecute.py", line 406, in run\n    yield self.execute_normal_sql(sql) + (sql, True, False)\n          ~~~~~~~~~~~~~~~~~~~~~~~^^^^^\n  File "/opt/homebrew/Cellar/pgcli/4.3.0/libexec/lib/python3.13/site-packages/pgcli/pgexecute.py", line 460, in execute_normal_sql\n    cur.execute(split_sql)\n    ~~~~~~~~~~~^^^^^^^^^^^\n  File "/opt/homebrew/Cellar/pgcli/4.3.0/libexec/lib/python3.13/site-packages/pgcli/pgexecute.py", line 91, in execute\n    super().execute(*args, **kwargs)\n    ~~~~~~~~~~~~~~~^^^^^^^^^^^^^^^^^\n  File "/opt/homebrew/Cellar/pgcli/4.3.0/libexec/lib/python3.13/site-packages/psycopg/cursor.py", line 97, in execute\n    raise ex.with_traceback(None)\npsycopg.errors.SyntaxError: syntax error at or near "clear"\nLINE 1: clear\n        ^\n'
2025-07-25 10:25:01,651 (75926/MainThread) pgcli.main INFO - No default pager found in environment. Using os default pager
2025-07-25 10:25:01,651 (75926/MainThread) pgcli.main WARNING - import keyring failed: ModuleNotFoundError("No module named 'keyring'").
2025-07-25 10:25:27,463 (75926/MainThread) pgcli.pgexecute ERROR - sql: 'select * from public.package_master_fta where unit_size = 50', error: InsufficientPrivilege('permission denied for table package_master_fta')
2025-07-25 10:25:27,468 (75926/MainThread) pgcli.pgexecute ERROR - traceback: 'Traceback (most recent call last):\n  File "/opt/homebrew/Cellar/pgcli/4.3.0/libexec/lib/python3.13/site-packages/pgcli/pgexecute.py", line 406, in run\n    yield self.execute_normal_sql(sql) + (sql, True, False)\n          ~~~~~~~~~~~~~~~~~~~~~~~^^^^^\n  File "/opt/homebrew/Cellar/pgcli/4.3.0/libexec/lib/python3.13/site-packages/pgcli/pgexecute.py", line 460, in execute_normal_sql\n    cur.execute(split_sql)\n    ~~~~~~~~~~~^^^^^^^^^^^\n  File "/opt/homebrew/Cellar/pgcli/4.3.0/libexec/lib/python3.13/site-packages/pgcli/pgexecute.py", line 91, in execute\n    super().execute(*args, **kwargs)\n    ~~~~~~~~~~~~~~~^^^^^^^^^^^^^^^^^\n  File "/opt/homebrew/Cellar/pgcli/4.3.0/libexec/lib/python3.13/site-packages/psycopg/cursor.py", line 97, in execute\n    raise ex.with_traceback(None)\npsycopg.errors.InsufficientPrivilege: permission denied for table package_master_fta\n'
2025-07-25 10:25:42,415 (76200/MainThread) pgcli.main INFO - No default pager found in environment. Using os default pager
2025-07-25 10:25:42,415 (76200/MainThread) pgcli.main WARNING - import keyring failed: ModuleNotFoundError("No module named 'keyring'").
2025-07-25 10:25:51,037 (76200/MainThread) pgcli.pgexecute ERROR - sql: 'clear', error: SyntaxError('syntax error at or near "clear"\nLINE 1: clear\n        ^')
2025-07-25 10:25:51,040 (76200/MainThread) pgcli.pgexecute ERROR - traceback: 'Traceback (most recent call last):\n  File "/opt/homebrew/Cellar/pgcli/4.3.0/libexec/lib/python3.13/site-packages/pgcli/pgexecute.py", line 406, in run\n    yield self.execute_normal_sql(sql) + (sql, True, False)\n          ~~~~~~~~~~~~~~~~~~~~~~~^^^^^\n  File "/opt/homebrew/Cellar/pgcli/4.3.0/libexec/lib/python3.13/site-packages/pgcli/pgexecute.py", line 460, in execute_normal_sql\n    cur.execute(split_sql)\n    ~~~~~~~~~~~^^^^^^^^^^^\n  File "/opt/homebrew/Cellar/pgcli/4.3.0/libexec/lib/python3.13/site-packages/pgcli/pgexecute.py", line 91, in execute\n    super().execute(*args, **kwargs)\n    ~~~~~~~~~~~~~~~^^^^^^^^^^^^^^^^^\n  File "/opt/homebrew/Cellar/pgcli/4.3.0/libexec/lib/python3.13/site-packages/psycopg/cursor.py", line 97, in execute\n    raise ex.with_traceback(None)\npsycopg.errors.SyntaxError: syntax error at or near "clear"\nLINE 1: clear\n        ^\n'
2025-07-25 10:25:55,773 (76200/MainThread) pgcli.pgexecute ERROR - sql: 'cls', error: SyntaxError('syntax error at or near "cls"\nLINE 1: cls\n        ^')
2025-07-25 10:25:55,775 (76200/MainThread) pgcli.pgexecute ERROR - traceback: 'Traceback (most recent call last):\n  File "/opt/homebrew/Cellar/pgcli/4.3.0/libexec/lib/python3.13/site-packages/pgcli/pgexecute.py", line 406, in run\n    yield self.execute_normal_sql(sql) + (sql, True, False)\n          ~~~~~~~~~~~~~~~~~~~~~~~^^^^^\n  File "/opt/homebrew/Cellar/pgcli/4.3.0/libexec/lib/python3.13/site-packages/pgcli/pgexecute.py", line 460, in execute_normal_sql\n    cur.execute(split_sql)\n    ~~~~~~~~~~~^^^^^^^^^^^\n  File "/opt/homebrew/Cellar/pgcli/4.3.0/libexec/lib/python3.13/site-packages/pgcli/pgexecute.py", line 91, in execute\n    super().execute(*args, **kwargs)\n    ~~~~~~~~~~~~~~~^^^^^^^^^^^^^^^^^\n  File "/opt/homebrew/Cellar/pgcli/4.3.0/libexec/lib/python3.13/site-packages/psycopg/cursor.py", line 97, in execute\n    raise ex.with_traceback(None)\npsycopg.errors.SyntaxError: syntax error at or near "cls"\nLINE 1: cls\n        ^\n'
2025-07-25 10:28:18,026 (77353/MainThread) pgcli.main INFO - No default pager found in environment. Using os default pager
2025-07-25 10:28:18,027 (77353/MainThread) pgcli.main WARNING - import keyring failed: ModuleNotFoundError("No module named 'keyring'").
2025-07-25 10:29:57,353 (78079/MainThread) pgcli.main INFO - No default pager found in environment. Using os default pager
2025-07-25 10:29:57,354 (78079/MainThread) pgcli.main WARNING - import keyring failed: ModuleNotFoundError("No module named 'keyring'").
2025-07-25 10:30:11,655 (78079/MainThread) pgcli.main ERROR - traceback: 'Traceback (most recent call last):\n  File "/opt/homebrew/Cellar/pgcli/4.3.0/libexec/lib/python3.13/site-packages/pgcli/main.py", line 749, in connect\n    passwd = click.prompt(\n        "Password for %s" % user,\n    ...<2 lines>...\n        type=str,\n    )\n  File "/opt/homebrew/Cellar/pgcli/4.3.0/libexec/lib/python3.13/site-packages/click/termui.py", line 164, in prompt\n    value = prompt_func(prompt)\n  File "/opt/homebrew/Cellar/pgcli/4.3.0/libexec/lib/python3.13/site-packages/click/termui.py", line 147, in prompt_func\n    raise Abort() from None\nclick.exceptions.Abort\n'
2025-07-25 10:35:27,595 (81312/MainThread) pgcli.main INFO - No default pager found in environment. Using os default pager
2025-07-25 10:35:27,596 (81312/MainThread) pgcli.main WARNING - import keyring failed: ModuleNotFoundError("No module named 'keyring'").
2025-07-25 10:42:27,845 (81312/MainThread) pgcli.pgexecute ERROR - sql: "select * from public.datron_package_master where enrichment_service_id = 'PKG-P39CS4AT5PNG66'", error: OperationalError('sending query failed: another command is already in progress')
2025-07-25 10:42:27,852 (81312/MainThread) pgcli.pgexecute ERROR - traceback: 'Traceback (most recent call last):\n  File "/opt/homebrew/Cellar/pgcli/4.3.0/libexec/lib/python3.13/site-packages/pgcli/pgexecute.py", line 406, in run\n    yield self.execute_normal_sql(sql) + (sql, True, False)\n          ~~~~~~~~~~~~~~~~~~~~~~~^^^^^\n  File "/opt/homebrew/Cellar/pgcli/4.3.0/libexec/lib/python3.13/site-packages/pgcli/pgexecute.py", line 460, in execute_normal_sql\n    cur.execute(split_sql)\n    ~~~~~~~~~~~^^^^^^^^^^^\n  File "/opt/homebrew/Cellar/pgcli/4.3.0/libexec/lib/python3.13/site-packages/pgcli/pgexecute.py", line 91, in execute\n    super().execute(*args, **kwargs)\n    ~~~~~~~~~~~~~~~^^^^^^^^^^^^^^^^^\n  File "/opt/homebrew/Cellar/pgcli/4.3.0/libexec/lib/python3.13/site-packages/psycopg/cursor.py", line 97, in execute\n    raise ex.with_traceback(None)\npsycopg.OperationalError: sending query failed: another command is already in progress\n'
2025-07-25 10:42:30,456 (81312/MainThread) pgcli.pgexecute ERROR - sql: "select * from public.datron_package_master where enrichment_service_id = 'PKG-P39CS4AT5PNG66'", error: OperationalError('sending query failed: another command is already in progress\nanother command is already in progress')
2025-07-25 10:42:30,457 (81312/MainThread) pgcli.pgexecute ERROR - traceback: 'Traceback (most recent call last):\n  File "/opt/homebrew/Cellar/pgcli/4.3.0/libexec/lib/python3.13/site-packages/pgcli/pgexecute.py", line 406, in run\n    yield self.execute_normal_sql(sql) + (sql, True, False)\n          ~~~~~~~~~~~~~~~~~~~~~~~^^^^^\n  File "/opt/homebrew/Cellar/pgcli/4.3.0/libexec/lib/python3.13/site-packages/pgcli/pgexecute.py", line 460, in execute_normal_sql\n    cur.execute(split_sql)\n    ~~~~~~~~~~~^^^^^^^^^^^\n  File "/opt/homebrew/Cellar/pgcli/4.3.0/libexec/lib/python3.13/site-packages/pgcli/pgexecute.py", line 91, in execute\n    super().execute(*args, **kwargs)\n    ~~~~~~~~~~~~~~~^^^^^^^^^^^^^^^^^\n  File "/opt/homebrew/Cellar/pgcli/4.3.0/libexec/lib/python3.13/site-packages/psycopg/cursor.py", line 97, in execute\n    raise ex.with_traceback(None)\npsycopg.OperationalError: sending query failed: another command is already in progress\nanother command is already in progress\n'
2025-07-25 10:42:33,750 (81312/MainThread) pgcli.pgexecute ERROR - sql: "select * from public.datron_package_master where enrichment_service_id = 'PKG-P39CS4AT5PNG66'", error: OperationalError('sending query failed: another command is already in progress\nanother command is already in progress\nanother command is already in progress')
2025-07-25 10:42:33,752 (81312/MainThread) pgcli.pgexecute ERROR - traceback: 'Traceback (most recent call last):\n  File "/opt/homebrew/Cellar/pgcli/4.3.0/libexec/lib/python3.13/site-packages/pgcli/pgexecute.py", line 406, in run\n    yield self.execute_normal_sql(sql) + (sql, True, False)\n          ~~~~~~~~~~~~~~~~~~~~~~~^^^^^\n  File "/opt/homebrew/Cellar/pgcli/4.3.0/libexec/lib/python3.13/site-packages/pgcli/pgexecute.py", line 460, in execute_normal_sql\n    cur.execute(split_sql)\n    ~~~~~~~~~~~^^^^^^^^^^^\n  File "/opt/homebrew/Cellar/pgcli/4.3.0/libexec/lib/python3.13/site-packages/pgcli/pgexecute.py", line 91, in execute\n    super().execute(*args, **kwargs)\n    ~~~~~~~~~~~~~~~^^^^^^^^^^^^^^^^^\n  File "/opt/homebrew/Cellar/pgcli/4.3.0/libexec/lib/python3.13/site-packages/psycopg/cursor.py", line 97, in execute\n    raise ex.with_traceback(None)\npsycopg.OperationalError: sending query failed: another command is already in progress\nanother command is already in progress\nanother command is already in progress\n'
2025-07-25 10:42:37,908 (81312/MainThread) pgcli.pgexecute ERROR - sql: 'ls', error: OperationalError('sending query failed: another command is already in progress\nanother command is already in progress\nanother command is already in progress\nanother command is already in progress')
2025-07-25 10:42:37,909 (81312/MainThread) pgcli.pgexecute ERROR - traceback: 'Traceback (most recent call last):\n  File "/opt/homebrew/Cellar/pgcli/4.3.0/libexec/lib/python3.13/site-packages/pgcli/pgexecute.py", line 406, in run\n    yield self.execute_normal_sql(sql) + (sql, True, False)\n          ~~~~~~~~~~~~~~~~~~~~~~~^^^^^\n  File "/opt/homebrew/Cellar/pgcli/4.3.0/libexec/lib/python3.13/site-packages/pgcli/pgexecute.py", line 460, in execute_normal_sql\n    cur.execute(split_sql)\n    ~~~~~~~~~~~^^^^^^^^^^^\n  File "/opt/homebrew/Cellar/pgcli/4.3.0/libexec/lib/python3.13/site-packages/pgcli/pgexecute.py", line 91, in execute\n    super().execute(*args, **kwargs)\n    ~~~~~~~~~~~~~~~^^^^^^^^^^^^^^^^^\n  File "/opt/homebrew/Cellar/pgcli/4.3.0/libexec/lib/python3.13/site-packages/psycopg/cursor.py", line 97, in execute\n    raise ex.with_traceback(None)\npsycopg.OperationalError: sending query failed: another command is already in progress\nanother command is already in progress\nanother command is already in progress\nanother command is already in progress\n'
2025-07-25 10:42:43,490 (81312/MainThread) pgcli.pgexecute ERROR - sql: 'current', error: OperationalError('sending query failed: another command is already in progress\nanother command is already in progress\nanother command is already in progress\nanother command is already in progress\nanother command is already in progress')
2025-07-25 10:42:43,491 (81312/MainThread) pgcli.pgexecute ERROR - traceback: 'Traceback (most recent call last):\n  File "/opt/homebrew/Cellar/pgcli/4.3.0/libexec/lib/python3.13/site-packages/pgcli/pgexecute.py", line 406, in run\n    yield self.execute_normal_sql(sql) + (sql, True, False)\n          ~~~~~~~~~~~~~~~~~~~~~~~^^^^^\n  File "/opt/homebrew/Cellar/pgcli/4.3.0/libexec/lib/python3.13/site-packages/pgcli/pgexecute.py", line 460, in execute_normal_sql\n    cur.execute(split_sql)\n    ~~~~~~~~~~~^^^^^^^^^^^\n  File "/opt/homebrew/Cellar/pgcli/4.3.0/libexec/lib/python3.13/site-packages/pgcli/pgexecute.py", line 91, in execute\n    super().execute(*args, **kwargs)\n    ~~~~~~~~~~~~~~~^^^^^^^^^^^^^^^^^\n  File "/opt/homebrew/Cellar/pgcli/4.3.0/libexec/lib/python3.13/site-packages/psycopg/cursor.py", line 97, in execute\n    raise ex.with_traceback(None)\npsycopg.OperationalError: sending query failed: another command is already in progress\nanother command is already in progress\nanother command is already in progress\nanother command is already in progress\nanother command is already in progress\n'
2025-07-25 10:42:50,821 (81312/MainThread) pgcli.pgexecute ERROR - sql: 'rollback', error: OperationalError('sending query failed: another command is already in progress\nanother command is already in progress\nanother command is already in progress\nanother command is already in progress\nanother command is already in progress\nanother command is already in progress')
2025-07-25 10:42:50,829 (81312/MainThread) pgcli.pgexecute ERROR - traceback: 'Traceback (most recent call last):\n  File "/opt/homebrew/Cellar/pgcli/4.3.0/libexec/lib/python3.13/site-packages/pgcli/main.py", line 996, in run_cli\n    self.handle_watch_command(text)\n    ~~~~~~~~~~~~~~~~~~~~~~~~~^^^^^^\n  File "/opt/homebrew/Cellar/pgcli/4.3.0/libexec/lib/python3.13/site-packages/pgcli/main.py", line 1038, in handle_watch_command\n    query = self.execute_command(text)\n  File "/opt/homebrew/Cellar/pgcli/4.3.0/libexec/lib/python3.13/site-packages/pgcli/main.py", line 841, in execute_command\n    output, query = self._evaluate_command(text)\n                    ~~~~~~~~~~~~~~~~~~~~~~^^^^^^\n  File "/opt/homebrew/Cellar/pgcli/4.3.0/libexec/lib/python3.13/site-packages/pgcli/main.py", line 1172, in _evaluate_command\n    for title, cur, headers, status, sql, success, is_special in res:\n                                                                 ^^^\n  File "/opt/homebrew/Cellar/pgcli/4.3.0/libexec/lib/python3.13/site-packages/pgcli/pgexecute.py", line 389, in run\n    response = pgspecial.execute(cur, sql)\n  File "/opt/homebrew/Cellar/pgcli/4.3.0/libexec/lib/python3.13/site-packages/pgspecial/main.py", line 114, in execute\n    return special_cmd.handler()\n           ~~~~~~~~~~~~~~~~~~~^^\n  File "/opt/homebrew/Cellar/pgcli/4.3.0/libexec/lib/python3.13/site-packages/pgcli/main.py", line 333, in quit\n    raise PgCliQuitError\npgcli.main.PgCliQuitError\n\nDuring handling of the above exception, another exception occurred:\n\nTraceback (most recent call last):\n  File "/opt/homebrew/Cellar/pgcli/4.3.0/libexec/lib/python3.13/site-packages/pgcli/pgexecute.py", line 406, in run\n    yield self.execute_normal_sql(sql) + (sql, True, False)\n          ~~~~~~~~~~~~~~~~~~~~~~~^^^^^\n  File "/opt/homebrew/Cellar/pgcli/4.3.0/libexec/lib/python3.13/site-packages/pgcli/pgexecute.py", line 460, in execute_normal_sql\n    cur.execute(split_sql)\n    ~~~~~~~~~~~^^^^^^^^^^^\n  File "/opt/homebrew/Cellar/pgcli/4.3.0/libexec/lib/python3.13/site-packages/pgcli/pgexecute.py", line 91, in execute\n    super().execute(*args, **kwargs)\n    ~~~~~~~~~~~~~~~^^^^^^^^^^^^^^^^^\n  File "/opt/homebrew/Cellar/pgcli/4.3.0/libexec/lib/python3.13/site-packages/psycopg/cursor.py", line 97, in execute\n    raise ex.with_traceback(None)\npsycopg.OperationalError: sending query failed: another command is already in progress\nanother command is already in progress\nanother command is already in progress\nanother command is already in progress\nanother command is already in progress\nanother command is already in progress\n'
2025-07-25 10:42:55,370 (81312/MainThread) pgcli.pgexecute ERROR - sql: 'rollback', error: OperationalError('sending query failed: another command is already in progress\nanother command is already in progress\nanother command is already in progress\nanother command is already in progress\nanother command is already in progress\nanother command is already in progress\nanother command is already in progress')
2025-07-25 10:42:55,374 (81312/MainThread) pgcli.pgexecute ERROR - traceback: 'Traceback (most recent call last):\n  File "/opt/homebrew/Cellar/pgcli/4.3.0/libexec/lib/python3.13/site-packages/pgcli/main.py", line 996, in run_cli\n    self.handle_watch_command(text)\n    ~~~~~~~~~~~~~~~~~~~~~~~~~^^^^^^\n  File "/opt/homebrew/Cellar/pgcli/4.3.0/libexec/lib/python3.13/site-packages/pgcli/main.py", line 1038, in handle_watch_command\n    query = self.execute_command(text)\n  File "/opt/homebrew/Cellar/pgcli/4.3.0/libexec/lib/python3.13/site-packages/pgcli/main.py", line 841, in execute_command\n    output, query = self._evaluate_command(text)\n                    ~~~~~~~~~~~~~~~~~~~~~~^^^^^^\n  File "/opt/homebrew/Cellar/pgcli/4.3.0/libexec/lib/python3.13/site-packages/pgcli/main.py", line 1172, in _evaluate_command\n    for title, cur, headers, status, sql, success, is_special in res:\n                                                                 ^^^\n  File "/opt/homebrew/Cellar/pgcli/4.3.0/libexec/lib/python3.13/site-packages/pgcli/pgexecute.py", line 389, in run\n    response = pgspecial.execute(cur, sql)\n  File "/opt/homebrew/Cellar/pgcli/4.3.0/libexec/lib/python3.13/site-packages/pgspecial/main.py", line 114, in execute\n    return special_cmd.handler()\n           ~~~~~~~~~~~~~~~~~~~^^\n  File "/opt/homebrew/Cellar/pgcli/4.3.0/libexec/lib/python3.13/site-packages/pgcli/main.py", line 333, in quit\n    raise PgCliQuitError\npgcli.main.PgCliQuitError\n\nDuring handling of the above exception, another exception occurred:\n\nTraceback (most recent call last):\n  File "/opt/homebrew/Cellar/pgcli/4.3.0/libexec/lib/python3.13/site-packages/pgcli/pgexecute.py", line 406, in run\n    yield self.execute_normal_sql(sql) + (sql, True, False)\n          ~~~~~~~~~~~~~~~~~~~~~~~^^^^^\n  File "/opt/homebrew/Cellar/pgcli/4.3.0/libexec/lib/python3.13/site-packages/pgcli/pgexecute.py", line 460, in execute_normal_sql\n    cur.execute(split_sql)\n    ~~~~~~~~~~~^^^^^^^^^^^\n  File "/opt/homebrew/Cellar/pgcli/4.3.0/libexec/lib/python3.13/site-packages/pgcli/pgexecute.py", line 91, in execute\n    super().execute(*args, **kwargs)\n    ~~~~~~~~~~~~~~~^^^^^^^^^^^^^^^^^\n  File "/opt/homebrew/Cellar/pgcli/4.3.0/libexec/lib/python3.13/site-packages/psycopg/cursor.py", line 97, in execute\n    raise ex.with_traceback(None)\npsycopg.OperationalError: sending query failed: another command is already in progress\nanother command is already in progress\nanother command is already in progress\nanother command is already in progress\nanother command is already in progress\nanother command is already in progress\nanother command is already in progress\n'
2025-07-25 10:44:01,341 (84620/MainThread) pgcli.main INFO - No default pager found in environment. Using os default pager
2025-07-25 10:44:01,341 (84620/MainThread) pgcli.main WARNING - import keyring failed: ModuleNotFoundError("No module named 'keyring'").
2025-07-25 11:57:36,011 (21208/MainThread) pgcli.main INFO - No default pager found in environment. Using os default pager
2025-07-25 11:57:36,011 (21208/MainThread) pgcli.main WARNING - import keyring failed: ModuleNotFoundError("No module named 'keyring'").
2025-07-25 11:58:31,192 (21208/MainThread) pgcli.pgexecute ERROR - sql: 'SELECT * FROM public.results_v2 ORDER BY DESC created_at LIMIT 1', error: SyntaxError('syntax error at or near "DESC"\nLINE 1: SELECT * FROM public.results_v2 ORDER BY DESC created_at LIM...\n                                                 ^')
2025-07-25 11:58:31,195 (21208/MainThread) pgcli.pgexecute ERROR - traceback: 'Traceback (most recent call last):\n  File "/opt/homebrew/Cellar/pgcli/4.3.0/libexec/lib/python3.13/site-packages/pgcli/pgexecute.py", line 406, in run\n    yield self.execute_normal_sql(sql) + (sql, True, False)\n          ~~~~~~~~~~~~~~~~~~~~~~~^^^^^\n  File "/opt/homebrew/Cellar/pgcli/4.3.0/libexec/lib/python3.13/site-packages/pgcli/pgexecute.py", line 460, in execute_normal_sql\n    cur.execute(split_sql)\n    ~~~~~~~~~~~^^^^^^^^^^^\n  File "/opt/homebrew/Cellar/pgcli/4.3.0/libexec/lib/python3.13/site-packages/pgcli/pgexecute.py", line 91, in execute\n    super().execute(*args, **kwargs)\n    ~~~~~~~~~~~~~~~^^^^^^^^^^^^^^^^^\n  File "/opt/homebrew/Cellar/pgcli/4.3.0/libexec/lib/python3.13/site-packages/psycopg/cursor.py", line 97, in execute\n    raise ex.with_traceback(None)\npsycopg.errors.SyntaxError: syntax error at or near "DESC"\nLINE 1: SELECT * FROM public.results_v2 ORDER BY DESC created_at LIM...\n                                                 ^\n'
2025-07-31 13:16:51,400 (94427/MainThread) pgcli.main INFO - No default pager found in environment. Using os default pager
2025-07-31 13:16:51,401 (94427/MainThread) pgcli.main WARNING - import keyring failed: ModuleNotFoundError("No module named 'keyring'").
